<?xml version="1.0" encoding="UTF-8"?>
<testsuite xmlns:xsi="http://www.w3.org/2001/XMLSchema-instance" xsi:noNamespaceSchemaLocation="https://maven.apache.org/surefire/maven-surefire-plugin/xsd/surefire-test-report.xsd" name="Trabajo_P2.Testing.TrianguloTest" time="0.061" tests="39" errors="0" skipped="0" failures="0">
  <properties>
[...]
</properties>
  <testcase name="mc_dc1" classname="Trabajo_P2.Testing.TrianguloTest" time="0.005"/>
  <testcase name="mc_dc2" classname="Trabajo_P2.Testing.TrianguloTest" time="0"/>
  <testcase name="mc_dc3" classname="Trabajo_P2.Testing.TrianguloTest" time="0"/>
  <testcase name="mc_dc4" classname="Trabajo_P2.Testing.TrianguloTest" time="0"/>
  <testcase name="mc_dc5" classname="Trabajo_P2.Testing.TrianguloTest" time="0"/>
  <testcase name="mc_dc6" classname="Trabajo_P2.Testing.TrianguloTest" time="0"/>
  <testcase name="decisiones1" classname="Trabajo_P2.Testing.TrianguloTest" time="0"/>
  <testcase name="decisiones2" classname="Trabajo_P2.Testing.TrianguloTest" time="0.001"/>
  <testcase name="decisiones3" classname="Trabajo_P2.Testing.TrianguloTest" time="0.001"/>
  <testcase name="decisiones4" classname="Trabajo_P2.Testing.TrianguloTest" time="0"/>
  <testcase name="decisiones5" classname="Trabajo_P2.Testing.TrianguloTest" time="0"/>
  <testcase name="decisiones6" classname="Trabajo_P2.Testing.TrianguloTest" time="0"/>
  <testcase name="eu1" classname="Trabajo_P2.Testing.TrianguloTest" time="0"/>
  <testcase name="eu2" classname="Trabajo_P2.Testing.TrianguloTest" time="0"/>
  <testcase name="eu3" classname="Trabajo_P2.Testing.TrianguloTest" time="0.001"/>
  <testcase name="eu4" classname="Trabajo_P2.Testing.TrianguloTest" time="0"/>
  <testcase name="eu5" classname="Trabajo_P2.Testing.TrianguloTest" time="0"/>
  <testcase name="eu6" classname="Trabajo_P2.Testing.TrianguloTest" time="0"/>
  <testcase name="eu7" classname="Trabajo_P2.Testing.TrianguloTest" time="0.001"/>
  <testcase name="pw1" classname="Trabajo_P2.Testing.TrianguloTest" time="0"/>
  <testcase name="pw2" classname="Trabajo_P2.Testing.TrianguloTest" time="0"/>
  <testcase name="pw3" classname="Trabajo_P2.Testing.TrianguloTest" time="0"/>
  <testcase name="pw4" classname="Trabajo_P2.Testing.TrianguloTest" time="0"/>
  <testcase name="pw5" classname="Trabajo_P2.Testing.TrianguloTest" time="0"/>
  <testcase name="pw6" classname="Trabajo_P2.Testing.TrianguloTest" time="0"/>
  <testcase name="pw7" classname="Trabajo_P2.Testing.TrianguloTest" time="0"/>
  <testcase name="pw8" classname="Trabajo_P2.Testing.TrianguloTest" time="0"/>
  <testcase name="pw9" classname="Trabajo_P2.Testing.TrianguloTest" time="0.001"/>
  <testcase name="pw10" classname="Trabajo_P2.Testing.TrianguloTest" time="0"/>
  <testcase name="pw11" classname="Trabajo_P2.Testing.TrianguloTest" time="0"/>
  <testcase name="pw12" classname="Trabajo_P2.Testing.TrianguloTest" time="0"/>
  <testcase name="pw13" classname="Trabajo_P2.Testing.TrianguloTest" time="0"/>
  <testcase name="pw14" classname="Trabajo_P2.Testing.TrianguloTest" time="0.001"/>
  <testcase name="pw15" classname="Trabajo_P2.Testing.TrianguloTest" time="0"/>
  <testcase name="pw16" classname="Trabajo_P2.Testing.TrianguloTest" time="0"/>
  <testcase name="pw17" classname="Trabajo_P2.Testing.TrianguloTest" time="0"/>
  <testcase name="pw19" classname="Trabajo_P2.Testing.TrianguloTest" time="0"/>
  <testcase name="pw20" classname="Trabajo_P2.Testing.TrianguloTest" time="0"/>
  <testcase name="pw21" classname="Trabajo_P2.Testing.TrianguloTest" time="0"/>
</testsuite>